#
# A fatal error has been detected by the Java Runtime Environment:
#
#  Internal Error (classFileParser.cpp:3494), pid=6156, tid=140288914282240
#  Error: ShouldNotReachHere()
#
# JRE version: 6.0_23-b23
# Java VM: OpenJDK 64-Bit Server VM (20.0-b11 mixed mode linux-amd64 compressed oops)
# Derivative: IcedTea6 1.11pre
# Distribution: Ubuntu 11.10, package 6b23~pre11-0ubuntu1.11.10.2
# If you would like to submit a bug report, please include
# instructions how to reproduce the bug and visit:
#   https://bugs.launchpad.net/ubuntu/+source/openjdk-6/
#

---------------  T H R E A D  ---------------

Current thread (0x000000000074d800):  JavaThread "Unknown thread" [_thread_in_vm, id=6160, stack(0x00007f978ed6d000,0x00007f978ee6e000)]

Stack: [0x00007f978ed6d000,0x00007f978ee6e000],  sp=0x00007f978ee6c060,  free space=1020k
Native frames: (J=compiled Java code, j=interpreted, Vv=VM code, C=native code)
V  [libjvm.so+0x783225]  VMError::report(outputStream*)+0x1255
V  [libjvm.so+0x7834a9]  VMError::report_and_die()+0x169
V  [libjvm.so+0x3bb13a]  report_vm_error(char const*, int, char const*, char const*)+0x4a
V  [libjvm.so+0x351515]  ClassFileParser::parseClassFile(symbolHandle, Handle, Handle, KlassHandle, GrowableArray<Handle>*, symbolHandle&, bool, Thread*)+0x1545
V  [libjvm.so+0x355773]  ClassLoader::load_classfile(symbolHandle, Thread*)+0x1f3
V  [libjvm.so+0x71b564]  SystemDictionary::load_instance_class(symbolHandle, Handle, Thread*)+0x354
V  [libjvm.so+0x719c70]  SystemDictionary::resolve_instance_class_or_null(symbolHandle, Handle, Handle, Thread*)+0x7c0
V  [libjvm.so+0x71bbf3]  SystemDictionary::resolve_or_fail(symbolHandle, Handle, Handle, bool, Thread*)+0x33
V  [libjvm.so+0x71bcd4]  SystemDictionary::resolve_or_fail(symbolHandle, bool, Thread*)+0x14
V  [libjvm.so+0x71bd80]  SystemDictionary::initialize_wk_klass(SystemDictionary::WKID, int, Thread*)+0xa0
V  [libjvm.so+0x71bde9]  SystemDictionary::initialize_wk_klasses_until(SystemDictionary::WKID, SystemDictionary::WKID&, Thread*)+0x59
V  [libjvm.so+0x71bee1]  SystemDictionary::initialize_preloaded_classes(Thread*)+0x71
V  [libjvm.so+0x75f65f]  Universe::genesis(Thread*)+0x11f
V  [libjvm.so+0x76000f]  universe2_init()+0x1f
V  [libjvm.so+0x473ea5]  init_globals()+0x95
V  [libjvm.so+0x749f9a]  Threads::create_vm(JavaVMInitArgs*, bool*)+0x1ea
V  [libjvm.so+0x4cdb51]  JNI_CreateJavaVM+0x61
C  [java+0x315e]  JavaMain+0x7e


---------------  P R O C E S S  ---------------

Java Threads: ( => current thread )

Other Threads:

=>0x000000000074d800 (exited) JavaThread "Unknown thread" [_thread_in_vm, id=6160, stack(0x00007f978ed6d000,0x00007f978ee6e000)]

VM state:not at safepoint (not fully initialized)

VM Mutex/Monitor currently owned by a thread: None

Dynamic libraries:
00400000-00409000 r-xp 00000000 08:05 3540098                            /usr/lib/jvm/java-6-openjdk/jre/bin/java
00608000-00609000 r--p 00008000 08:05 3540098                            /usr/lib/jvm/java-6-openjdk/jre/bin/java
00609000-0060a000 rw-p 00009000 08:05 3540098                            /usr/lib/jvm/java-6-openjdk/jre/bin/java
00743000-00785000 rw-p 00000000 00:00 0                                  [heap]
779600000-77aac0000 rw-p 00000000 00:00 0 
77aac0000-783c00000 rw-p 00000000 00:00 0 
783c00000-788ee0000 rw-p 00000000 00:00 0 
788ee0000-7d6960000 rw-p 00000000 00:00 0 
7d6960000-7d92c0000 rw-p 00000000 00:00 0 
7d92c0000-800000000 rw-p 00000000 00:00 0 
7f9780000000-7f978005b000 rw-p 00000000 00:00 0 
7f978005b000-7f9784000000 ---p 00000000 00:00 0 
7f9787cdd000-7f9787d53000 r--s 00902000 08:02 139996                     /media/Windows/Users/sghuman/Android/SDK/android-sdk-linux/platforms/android-10/android.jar
7f9787d53000-7f9787d7b000 rw-p 00000000 00:00 0 
7f9787d7b000-7f9787d7c000 ---p 00000000 00:00 0 
7f9787d7c000-7f9787e7c000 rw-p 00000000 00:00 0 
7f9787e7c000-7f9787e7d000 ---p 00000000 00:00 0 
7f9787e7d000-7f9787f7d000 rw-p 00000000 00:00 0 
7f9787f7d000-7f9787f7e000 ---p 00000000 00:00 0 
7f9787f7e000-7f978807e000 rw-p 00000000 00:00 0 
7f978807e000-7f978807f000 ---p 00000000 00:00 0 
7f978807f000-7f978817f000 rw-p 00000000 00:00 0 
7f978817f000-7f9788180000 ---p 00000000 00:00 0 
7f9788180000-7f9788280000 rw-p 00000000 00:00 0 
7f9788280000-7f9788281000 ---p 00000000 00:00 0 
7f9788281000-7f9788381000 rw-p 00000000 00:00 0 
7f9788381000-7f9788382000 ---p 00000000 00:00 0 
7f9788382000-7f9788482000 rw-p 00000000 00:00 0 
7f9788482000-7f9788483000 ---p 00000000 00:00 0 
7f9788483000-7f978858e000 rw-p 00000000 00:00 0 
7f978858e000-7f97885d6000 rw-p 00000000 00:00 0 
7f97885d6000-7f9788600000 rw-p 00000000 00:00 0 
7f9788600000-7f978886d000 rw-p 00000000 00:00 0 
7f978886d000-7f9788878000 rw-p 00000000 00:00 0 
7f9788878000-7f97888c0000 rw-p 00000000 00:00 0 
7f97888c0000-7f97888ea000 rw-p 00000000 00:00 0 
7f97888ea000-7f9788b56000 rw-p 00000000 00:00 0 
7f9788b56000-7f9788b6c000 rw-p 00000000 00:00 0 
7f9788b6c000-7f9788ca2000 rw-p 00000000 00:00 0 
7f9788ca2000-7f9788ca3000 rw-p 00000000 00:00 0 
7f9788ca3000-7f9788f13000 rwxp 00000000 00:00 0 
7f9788f13000-7f978bca3000 rw-p 00000000 00:00 0 
7f978bca3000-7f978bcaa000 r-xp 00000000 08:05 3559425                    /usr/lib/jvm/java-6-openjdk/jre/lib/amd64/libzip.so
7f978bcaa000-7f978bea9000 ---p 00007000 08:05 3559425                    /usr/lib/jvm/java-6-openjdk/jre/lib/amd64/libzip.so
7f978bea9000-7f978beaa000 r--p 00006000 08:05 3559425                    /usr/lib/jvm/java-6-openjdk/jre/lib/amd64/libzip.so
7f978beaa000-7f978beab000 rw-p 00007000 08:05 3559425                    /usr/lib/jvm/java-6-openjdk/jre/lib/amd64/libzip.so
7f978beab000-7f978beb7000 r-xp 00000000 08:05 1966232                    /lib/x86_64-linux-gnu/libnss_files-2.13.so
7f978beb7000-7f978c0b6000 ---p 0000c000 08:05 1966232                    /lib/x86_64-linux-gnu/libnss_files-2.13.so
7f978c0b6000-7f978c0b7000 r--p 0000b000 08:05 1966232                    /lib/x86_64-linux-gnu/libnss_files-2.13.so
7f978c0b7000-7f978c0b8000 rw-p 0000c000 08:05 1966232                    /lib/x86_64-linux-gnu/libnss_files-2.13.so
7f978c0b8000-7f978c0c2000 r-xp 00000000 08:05 1966234                    /lib/x86_64-linux-gnu/libnss_nis-2.13.so
7f978c0c2000-7f978c2c2000 ---p 0000a000 08:05 1966234                    /lib/x86_64-linux-gnu/libnss_nis-2.13.so
7f978c2c2000-7f978c2c3000 r--p 0000a000 08:05 1966234                    /lib/x86_64-linux-gnu/libnss_nis-2.13.so
7f978c2c3000-7f978c2c4000 rw-p 0000b000 08:05 1966234                    /lib/x86_64-linux-gnu/libnss_nis-2.13.so
7f978c2c4000-7f978c2db000 r-xp 00000000 08:05 1966229                    /lib/x86_64-linux-gnu/libnsl-2.13.so
7f978c2db000-7f978c4da000 ---p 00017000 08:05 1966229                    /lib/x86_64-linux-gnu/libnsl-2.13.so
7f978c4da000-7f978c4db000 r--p 00016000 08:05 1966229                    /lib/x86_64-linux-gnu/libnsl-2.13.so
7f978c4db000-7f978c4dc000 rw-p 00017000 08:05 1966229                    /lib/x86_64-linux-gnu/libnsl-2.13.so
7f978c4dc000-7f978c4de000 rw-p 00000000 00:00 0 
7f978c4de000-7f978c4e6000 r-xp 00000000 08:05 1966230                    /lib/x86_64-linux-gnu/libnss_compat-2.13.so
7f978c4e6000-7f978c6e5000 ---p 00008000 08:05 1966230                    /lib/x86_64-linux-gnu/libnss_compat-2.13.so
7f978c6e5000-7f978c6e6000 r--p 00007000 08:05 1966230                    /lib/x86_64-linux-gnu/libnss_compat-2.13.so
7f978c6e6000-7f978c6e7000 rw-p 00008000 08:05 1966230                    /lib/x86_64-linux-gnu/libnss_compat-2.13.so
7f978c6e7000-7f978c713000 r-xp 00000000 08:05 3559424                    /usr/lib/jvm/java-6-openjdk/jre/lib/amd64/libjava.so
7f978c713000-7f978c912000 ---p 0002c000 08:05 3559424                    /usr/lib/jvm/java-6-openjdk/jre/lib/amd64/libjava.so
7f978c912000-7f978c913000 r--p 0002b000 08:05 3559424                    /usr/lib/jvm/java-6-openjdk/jre/lib/amd64/libjava.so
7f978c913000-7f978c916000 rw-p 0002c000 08:05 3559424                    /usr/lib/jvm/java-6-openjdk/jre/lib/amd64/libjava.so
7f978c916000-7f978c924000 r-xp 00000000 08:05 3559410                    /usr/lib/jvm/java-6-openjdk/jre/lib/amd64/libverify.so
7f978c924000-7f978cb23000 ---p 0000e000 08:05 3559410                    /usr/lib/jvm/java-6-openjdk/jre/lib/amd64/libverify.so
7f978cb23000-7f978cb25000 r--p 0000d000 08:05 3559410                    /usr/lib/jvm/java-6-openjdk/jre/lib/amd64/libverify.so
7f978cb25000-7f978cb26000 rw-p 0000f000 08:05 3559410                    /usr/lib/jvm/java-6-openjdk/jre/lib/amd64/libverify.so
7f978cb26000-7f978cb2d000 r-xp 00000000 08:05 1969963                    /lib/x86_64-linux-gnu/librt-2.13.so
7f978cb2d000-7f978cd2c000 ---p 00007000 08:05 1969963                    /lib/x86_64-linux-gnu/librt-2.13.so
7f978cd2c000-7f978cd2d000 r--p 00006000 08:05 1969963                    /lib/x86_64-linux-gnu/librt-2.13.so
7f978cd2d000-7f978cd2e000 rw-p 00007000 08:05 1969963                    /lib/x86_64-linux-gnu/librt-2.13.so
7f978cd2e000-7f978cd43000 r-xp 00000000 08:05 1970042                    /lib/x86_64-linux-gnu/libgcc_s.so.1
7f978cd43000-7f978cf42000 ---p 00015000 08:05 1970042                    /lib/x86_64-linux-gnu/libgcc_s.so.1
7f978cf42000-7f978cf43000 r--p 00014000 08:05 1970042                    /lib/x86_64-linux-gnu/libgcc_s.so.1
7f978cf43000-7f978cf44000 rw-p 00015000 08:05 1970042                    /lib/x86_64-linux-gnu/libgcc_s.so.1
7f978cf44000-7f978cfc7000 r-xp 00000000 08:05 1966227                    /lib/x86_64-linux-gnu/libm-2.13.so
7f978cfc7000-7f978d1c6000 ---p 00083000 08:05 1966227                    /lib/x86_64-linux-gnu/libm-2.13.so
7f978d1c6000-7f978d1c7000 r--p 00082000 08:05 1966227                    /lib/x86_64-linux-gnu/libm-2.13.so
7f978d1c7000-7f978d1c8000 rw-p 00083000 08:05 1966227                    /lib/x86_64-linux-gnu/libm-2.13.so
7f978d1c8000-7f978d2b0000 r-xp 00000000 08:05 3547390                    /usr/lib/x86_64-linux-gnu/libstdc++.so.6.0.16
7f978d2b0000-7f978d4b0000 ---p 000e8000 08:05 3547390                    /usr/lib/x86_64-linux-gnu/libstdc++.so.6.0.16
7f978d4b0000-7f978d4b8000 r--p 000e8000 08:05 3547390                    /usr/lib/x86_64-linux-gnu/libstdc++.so.6.0.16
7f978d4b8000-7f978d4ba000 rw-p 000f0000 08:05 3547390                    /usr/lib/x86_64-linux-gnu/libstdc++.so.6.0.16
7f978d4ba000-7f978d4cf000 rw-p 00000000 00:00 0 
7f978d4cf000-7f978ddd2000 r-xp 00000000 08:05 3559427                    /usr/lib/jvm/java-6-openjdk/jre/lib/amd64/server/libjvm.so
7f978ddd2000-7f978dfd1000 ---p 00903000 08:05 3559427                    /usr/lib/jvm/java-6-openjdk/jre/lib/amd64/server/libjvm.so
7f978dfd1000-7f978e052000 r--p 00902000 08:05 3559427                    /usr/lib/jvm/java-6-openjdk/jre/lib/amd64/server/libjvm.so
7f978e052000-7f978e06d000 rw-p 00983000 08:05 3559427                    /usr/lib/jvm/java-6-openjdk/jre/lib/amd64/server/libjvm.so
7f978e06d000-7f978e096000 rw-p 00000000 00:00 0 
7f978e096000-7f978e0ad000 r-xp 00000000 08:05 1970104                    /lib/x86_64-linux-gnu/libz.so.1.2.3.4
7f978e0ad000-7f978e2ac000 ---p 00017000 08:05 1970104                    /lib/x86_64-linux-gnu/libz.so.1.2.3.4
7f978e2ac000-7f978e2ad000 r--p 00016000 08:05 1970104                    /lib/x86_64-linux-gnu/libz.so.1.2.3.4
7f978e2ad000-7f978e2ae000 rw-p 00017000 08:05 1970104                    /lib/x86_64-linux-gnu/libz.so.1.2.3.4
7f978e2ae000-7f978e445000 r-xp 00000000 08:05 1966223                    /lib/x86_64-linux-gnu/libc-2.13.so
7f978e445000-7f978e644000 ---p 00197000 08:05 1966223                    /lib/x86_64-linux-gnu/libc-2.13.so
7f978e644000-7f978e648000 r--p 00196000 08:05 1966223                    /lib/x86_64-linux-gnu/libc-2.13.so
7f978e648000-7f978e649000 rw-p 0019a000 08:05 1966223                    /lib/x86_64-linux-gnu/libc-2.13.so
7f978e649000-7f978e64f000 rw-p 00000000 00:00 0 
7f978e64f000-7f978e651000 r-xp 00000000 08:05 1966226                    /lib/x86_64-linux-gnu/libdl-2.13.so
7f978e651000-7f978e851000 ---p 00002000 08:05 1966226                    /lib/x86_64-linux-gnu/libdl-2.13.so
7f978e851000-7f978e852000 r--p 00002000 08:05 1966226                    /lib/x86_64-linux-gnu/libdl-2.13.so
7f978e852000-7f978e853000 rw-p 00003000 08:05 1966226                    /lib/x86_64-linux-gnu/libdl-2.13.so
7f978e853000-7f978e857000 r-xp 00000000 08:05 3550532                    /usr/lib/jvm/java-6-openjdk/jre/lib/amd64/jli/libjli.so
7f978e857000-7f978ea56000 ---p 00004000 08:05 3550532                    /usr/lib/jvm/java-6-openjdk/jre/lib/amd64/jli/libjli.so
7f978ea56000-7f978ea57000 r--p 00003000 08:05 3550532                    /usr/lib/jvm/java-6-openjdk/jre/lib/amd64/jli/libjli.so
7f978ea57000-7f978ea58000 rw-p 00004000 08:05 3550532                    /usr/lib/jvm/java-6-openjdk/jre/lib/amd64/jli/libjli.so
7f978ea58000-7f978ea70000 r-xp 00000000 08:05 1966237                    /lib/x86_64-linux-gnu/libpthread-2.13.so
7f978ea70000-7f978ec6f000 ---p 00018000 08:05 1966237                    /lib/x86_64-linux-gnu/libpthread-2.13.so
7f978ec6f000-7f978ec70000 r--p 00017000 08:05 1966237                    /lib/x86_64-linux-gnu/libpthread-2.13.so
7f978ec70000-7f978ec71000 rw-p 00018000 08:05 1966237                    /lib/x86_64-linux-gnu/libpthread-2.13.so
7f978ec71000-7f978ec75000 rw-p 00000000 00:00 0 
7f978ec75000-7f978ec96000 r-xp 00000000 08:05 1966092                    /lib/x86_64-linux-gnu/ld-2.13.so
7f978ecad000-7f978ecb7000 rw-p 00000000 00:00 0 
7f978ecb7000-7f978ed6d000 rw-p 00000000 00:00 0 
7f978ed6d000-7f978ed70000 ---p 00000000 00:00 0 
7f978ed70000-7f978ee73000 rw-p 00000000 00:00 0 
7f978ee89000-7f978ee91000 rw-s 00000000 08:05 2490406                    /tmp/hsperfdata_sghuman/6156
7f978ee91000-7f978ee92000 rw-p 00000000 00:00 0 
7f978ee92000-7f978ee93000 r--p 00000000 00:00 0 
7f978ee93000-7f978ee95000 rw-p 00000000 00:00 0 
7f978ee95000-7f978ee96000 r--p 00020000 08:05 1966092                    /lib/x86_64-linux-gnu/ld-2.13.so
7f978ee96000-7f978ee98000 rw-p 00021000 08:05 1966092                    /lib/x86_64-linux-gnu/ld-2.13.so
7fff7ada3000-7fff7adc4000 rw-p 00000000 00:00 0                          [stack]
7fff7adff000-7fff7ae00000 r-xp 00000000 00:00 0                          [vdso]
ffffffffff600000-ffffffffff601000 r-xp 00000000 00:00 0                  [vsyscall]

VM Arguments:
jvm_args: -Dfile.encoding=UTF-8 -Xbootclasspath:/home/sghuman/Files/Android/SDK/android-sdk-linux/platforms/android-10/android.jar:/home/sghuman/Files/Android/SDK/android-sdk-linux/add-ons/addon-google_apis-google-10/libs/usb.jar:/home/sghuman/Files/Android/SDK/android-sdk-linux/add-ons/addon-google_apis-google-10/libs/maps.jar 
java_command: my.maps.org.Routing
Launcher Type: SUN_STANDARD

Environment Variables:
PATH=/usr/lib/lightdm/lightdm:/usr/local/sbin:/usr/local/bin:/usr/sbin:/usr/bin:/sbin:/bin:/usr/games:/opt/altera9.1sp2/quartus/bin
USERNAME=sghuman
LD_LIBRARY_PATH=/usr/lib/jvm/java-6-openjdk/jre/lib/amd64/server:/usr/lib/jvm/java-6-openjdk/jre/lib/amd64:/usr/lib/jvm/java-6-openjdk/jre/../lib/amd64
SHELL=/bin/bash
DISPLAY=:0

Signal Handlers:
SIGSEGV: [libjvm.so+0x783e60], sa_mask[0]=0x7ffbfeff, sa_flags=0x10000004
SIGBUS: [libjvm.so+0x783e60], sa_mask[0]=0x7ffbfeff, sa_flags=0x10000004
SIGFPE: [libjvm.so+0x6485c0], sa_mask[0]=0x7ffbfeff, sa_flags=0x10000004
SIGPIPE: [libjvm.so+0x6485c0], sa_mask[0]=0x7ffbfeff, sa_flags=0x10000004
SIGXFSZ: [libjvm.so+0x6485c0], sa_mask[0]=0x7ffbfeff, sa_flags=0x10000004
SIGILL: [libjvm.so+0x6485c0], sa_mask[0]=0x7ffbfeff, sa_flags=0x10000004
SIGUSR1: SIG_DFL, sa_mask[0]=0x00000000, sa_flags=0x00000000
SIGUSR2: [libjvm.so+0x648770], sa_mask[0]=0x00000004, sa_flags=0x10000004
SIGHUP: SIG_DFL, sa_mask[0]=0x00000000, sa_flags=0x00000000
SIGINT: SIG_DFL, sa_mask[0]=0x00000000, sa_flags=0x00000000
SIGTERM: SIG_DFL, sa_mask[0]=0x00000000, sa_flags=0x00000000
SIGQUIT: SIG_DFL, sa_mask[0]=0x00000000, sa_flags=0x00000000


---------------  S Y S T E M  ---------------

OS:Ubuntu 11.10 (oneiric)
uname:Linux 3.0.0-17-generic #30-Ubuntu SMP Thu Mar 8 20:45:39 UTC 2012 x86_64
libc:glibc 2.13 NPTL 2.13 
rlimit: STACK 8192k, CORE 0k, NPROC 63456, NOFILE 4096, AS infinity
load average:0.44 0.22 0.16

/proc/meminfo:
MemTotal:        8140268 kB
MemFree:         3353104 kB
Buffers:          414396 kB
Cached:          1208928 kB
SwapCached:            0 kB
Active:          3437808 kB
Inactive:         963628 kB
Active(anon):    2875876 kB
Inactive(anon):   120876 kB
Active(file):     561932 kB
Inactive(file):   842752 kB
Unevictable:          32 kB
Mlocked:              32 kB
SwapTotal:       8334332 kB
SwapFree:        8334332 kB
Dirty:              9572 kB
Writeback:             0 kB
AnonPages:       2778608 kB
Mapped:           178032 kB
Shmem:            218516 kB
Slab:             184552 kB
SReclaimable:      81660 kB
SUnreclaim:       102892 kB
KernelStack:        4400 kB
PageTables:        45936 kB
NFS_Unstable:          0 kB
Bounce:                0 kB
WritebackTmp:          0 kB
CommitLimit:    12404464 kB
Committed_AS:    5603160 kB
VmallocTotal:   34359738367 kB
VmallocUsed:      585068 kB
VmallocChunk:   34359142144 kB
HardwareCorrupted:     0 kB
AnonHugePages:         0 kB
HugePages_Total:       0
HugePages_Free:        0
HugePages_Rsvd:        0
HugePages_Surp:        0
Hugepagesize:       2048 kB
DirectMap4k:       81920 kB
DirectMap2M:     8255488 kB


CPU:total 8 (4 cores per cpu, 2 threads per core) family 6 model 42 stepping 7, cmov, cx8, fxsr, mmx, sse, sse2, sse3, ssse3, sse4.1, sse4.2, popcnt, ht

Memory: 4k page, physical 8140268k(3353104k free), swap 8334332k(8334332k free)

vm_info: OpenJDK 64-Bit Server VM (20.0-b11) for linux-amd64 JRE (1.6.0_23-b23), built on Feb 23 2012 05:39:46 by "buildd" with gcc 4.6.1

time: Sun Apr  8 23:37:45 2012
elapsed time: 0 seconds

