#
# A fatal error has been detected by the Java Runtime Environment:
#
#  Internal Error (classFileParser.cpp:3494), pid=4567, tid=140428277331712
#  Error: ShouldNotReachHere()
#
# JRE version: 6.0_23-b23
# Java VM: OpenJDK 64-Bit Server VM (20.0-b11 mixed mode linux-amd64 compressed oops)
# Derivative: IcedTea6 1.11pre
# Distribution: Ubuntu 11.10, package 6b23~pre11-0ubuntu1.11.10.2
# If you would like to submit a bug report, please include
# instructions how to reproduce the bug and visit:
#   https://bugs.launchpad.net/ubuntu/+source/openjdk-6/
#

---------------  T H R E A D  ---------------

Current thread (0x0000000002444800):  JavaThread "Unknown thread" [_thread_in_vm, id=4568, stack(0x00007fb801863000,0x00007fb801964000)]

Stack: [0x00007fb801863000,0x00007fb801964000],  sp=0x00007fb801962060,  free space=1020k
Native frames: (J=compiled Java code, j=interpreted, Vv=VM code, C=native code)
V  [libjvm.so+0x783225]  VMError::report(outputStream*)+0x1255
V  [libjvm.so+0x7834a9]  VMError::report_and_die()+0x169
V  [libjvm.so+0x3bb13a]  report_vm_error(char const*, int, char const*, char const*)+0x4a
V  [libjvm.so+0x351515]  ClassFileParser::parseClassFile(symbolHandle, Handle, Handle, KlassHandle, GrowableArray<Handle>*, symbolHandle&, bool, Thread*)+0x1545
V  [libjvm.so+0x355773]  ClassLoader::load_classfile(symbolHandle, Thread*)+0x1f3
V  [libjvm.so+0x71b564]  SystemDictionary::load_instance_class(symbolHandle, Handle, Thread*)+0x354
V  [libjvm.so+0x719c70]  SystemDictionary::resolve_instance_class_or_null(symbolHandle, Handle, Handle, Thread*)+0x7c0
V  [libjvm.so+0x71bbf3]  SystemDictionary::resolve_or_fail(symbolHandle, Handle, Handle, bool, Thread*)+0x33
V  [libjvm.so+0x71bcd4]  SystemDictionary::resolve_or_fail(symbolHandle, bool, Thread*)+0x14
V  [libjvm.so+0x71bd80]  SystemDictionary::initialize_wk_klass(SystemDictionary::WKID, int, Thread*)+0xa0
V  [libjvm.so+0x71bde9]  SystemDictionary::initialize_wk_klasses_until(SystemDictionary::WKID, SystemDictionary::WKID&, Thread*)+0x59
V  [libjvm.so+0x71bee1]  SystemDictionary::initialize_preloaded_classes(Thread*)+0x71
V  [libjvm.so+0x75f65f]  Universe::genesis(Thread*)+0x11f
V  [libjvm.so+0x76000f]  universe2_init()+0x1f
V  [libjvm.so+0x473ea5]  init_globals()+0x95
V  [libjvm.so+0x749f9a]  Threads::create_vm(JavaVMInitArgs*, bool*)+0x1ea
V  [libjvm.so+0x4cdb51]  JNI_CreateJavaVM+0x61
C  [java+0x315e]  JavaMain+0x7e


---------------  P R O C E S S  ---------------

Java Threads: ( => current thread )

Other Threads:

=>0x0000000002444800 (exited) JavaThread "Unknown thread" [_thread_in_vm, id=4568, stack(0x00007fb801863000,0x00007fb801964000)]

VM state:not at safepoint (not fully initialized)

VM Mutex/Monitor currently owned by a thread: None

Dynamic libraries:
00400000-00409000 r-xp 00000000 08:05 3540098                            /usr/lib/jvm/java-6-openjdk/jre/bin/java
00608000-00609000 r--p 00008000 08:05 3540098                            /usr/lib/jvm/java-6-openjdk/jre/bin/java
00609000-0060a000 rw-p 00009000 08:05 3540098                            /usr/lib/jvm/java-6-openjdk/jre/bin/java
0243a000-024d7000 rw-p 00000000 00:00 0                                  [heap]
779600000-77aac0000 rw-p 00000000 00:00 0 
77aac0000-783c00000 rw-p 00000000 00:00 0 
783c00000-788ee0000 rw-p 00000000 00:00 0 
788ee0000-7d6960000 rw-p 00000000 00:00 0 
7d6960000-7d92c0000 rw-p 00000000 00:00 0 
7d92c0000-800000000 rw-p 00000000 00:00 0 
7fb7fa7d3000-7fb7fa849000 r--s 00902000 08:02 139996                     /media/Windows/Users/sghuman/Android/SDK/android-sdk-linux/platforms/android-10/android.jar
7fb7fa849000-7fb7fa871000 rw-p 00000000 00:00 0 
7fb7fa871000-7fb7fa872000 ---p 00000000 00:00 0 
7fb7fa872000-7fb7fa972000 rw-p 00000000 00:00 0 
7fb7fa972000-7fb7fa973000 ---p 00000000 00:00 0 
7fb7fa973000-7fb7faa73000 rw-p 00000000 00:00 0 
7fb7faa73000-7fb7faa74000 ---p 00000000 00:00 0 
7fb7faa74000-7fb7fab74000 rw-p 00000000 00:00 0 
7fb7fab74000-7fb7fab75000 ---p 00000000 00:00 0 
7fb7fab75000-7fb7fac75000 rw-p 00000000 00:00 0 
7fb7fac75000-7fb7fac76000 ---p 00000000 00:00 0 
7fb7fac76000-7fb7fad76000 rw-p 00000000 00:00 0 
7fb7fad76000-7fb7fad77000 ---p 00000000 00:00 0 
7fb7fad77000-7fb7fae77000 rw-p 00000000 00:00 0 
7fb7fae77000-7fb7fae78000 ---p 00000000 00:00 0 
7fb7fae78000-7fb7faf78000 rw-p 00000000 00:00 0 
7fb7faf78000-7fb7faf79000 ---p 00000000 00:00 0 
7fb7faf79000-7fb7fb084000 rw-p 00000000 00:00 0 
7fb7fb084000-7fb7fb0cc000 rw-p 00000000 00:00 0 
7fb7fb0cc000-7fb7fb0f6000 rw-p 00000000 00:00 0 
7fb7fb0f6000-7fb7fb363000 rw-p 00000000 00:00 0 
7fb7fb363000-7fb7fb36e000 rw-p 00000000 00:00 0 
7fb7fb36e000-7fb7fb3b6000 rw-p 00000000 00:00 0 
7fb7fb3b6000-7fb7fb3e0000 rw-p 00000000 00:00 0 
7fb7fb3e0000-7fb7fb64c000 rw-p 00000000 00:00 0 
7fb7fb64c000-7fb7fb662000 rw-p 00000000 00:00 0 
7fb7fb662000-7fb7fb798000 rw-p 00000000 00:00 0 
7fb7fb798000-7fb7fb799000 rw-p 00000000 00:00 0 
7fb7fb799000-7fb7fba09000 rwxp 00000000 00:00 0 
7fb7fba09000-7fb7fe799000 rw-p 00000000 00:00 0 
7fb7fe799000-7fb7fe7a0000 r-xp 00000000 08:05 3559425                    /usr/lib/jvm/java-6-openjdk/jre/lib/amd64/libzip.so
7fb7fe7a0000-7fb7fe99f000 ---p 00007000 08:05 3559425                    /usr/lib/jvm/java-6-openjdk/jre/lib/amd64/libzip.so
7fb7fe99f000-7fb7fe9a0000 r--p 00006000 08:05 3559425                    /usr/lib/jvm/java-6-openjdk/jre/lib/amd64/libzip.so
7fb7fe9a0000-7fb7fe9a1000 rw-p 00007000 08:05 3559425                    /usr/lib/jvm/java-6-openjdk/jre/lib/amd64/libzip.so
7fb7fe9a1000-7fb7fe9ad000 r-xp 00000000 08:05 1966232                    /lib/x86_64-linux-gnu/libnss_files-2.13.so
7fb7fe9ad000-7fb7febac000 ---p 0000c000 08:05 1966232                    /lib/x86_64-linux-gnu/libnss_files-2.13.so
7fb7febac000-7fb7febad000 r--p 0000b000 08:05 1966232                    /lib/x86_64-linux-gnu/libnss_files-2.13.so
7fb7febad000-7fb7febae000 rw-p 0000c000 08:05 1966232                    /lib/x86_64-linux-gnu/libnss_files-2.13.so
7fb7febae000-7fb7febb8000 r-xp 00000000 08:05 1966234                    /lib/x86_64-linux-gnu/libnss_nis-2.13.so
7fb7febb8000-7fb7fedb8000 ---p 0000a000 08:05 1966234                    /lib/x86_64-linux-gnu/libnss_nis-2.13.so
7fb7fedb8000-7fb7fedb9000 r--p 0000a000 08:05 1966234                    /lib/x86_64-linux-gnu/libnss_nis-2.13.so
7fb7fedb9000-7fb7fedba000 rw-p 0000b000 08:05 1966234                    /lib/x86_64-linux-gnu/libnss_nis-2.13.so
7fb7fedba000-7fb7fedd1000 r-xp 00000000 08:05 1966229                    /lib/x86_64-linux-gnu/libnsl-2.13.so
7fb7fedd1000-7fb7fefd0000 ---p 00017000 08:05 1966229                    /lib/x86_64-linux-gnu/libnsl-2.13.so
7fb7fefd0000-7fb7fefd1000 r--p 00016000 08:05 1966229                    /lib/x86_64-linux-gnu/libnsl-2.13.so
7fb7fefd1000-7fb7fefd2000 rw-p 00017000 08:05 1966229                    /lib/x86_64-linux-gnu/libnsl-2.13.so
7fb7fefd2000-7fb7fefd4000 rw-p 00000000 00:00 0 
7fb7fefd4000-7fb7fefdc000 r-xp 00000000 08:05 1966230                    /lib/x86_64-linux-gnu/libnss_compat-2.13.so
7fb7fefdc000-7fb7ff1db000 ---p 00008000 08:05 1966230                    /lib/x86_64-linux-gnu/libnss_compat-2.13.so
7fb7ff1db000-7fb7ff1dc000 r--p 00007000 08:05 1966230                    /lib/x86_64-linux-gnu/libnss_compat-2.13.so
7fb7ff1dc000-7fb7ff1dd000 rw-p 00008000 08:05 1966230                    /lib/x86_64-linux-gnu/libnss_compat-2.13.so
7fb7ff1dd000-7fb7ff209000 r-xp 00000000 08:05 3559424                    /usr/lib/jvm/java-6-openjdk/jre/lib/amd64/libjava.so
7fb7ff209000-7fb7ff408000 ---p 0002c000 08:05 3559424                    /usr/lib/jvm/java-6-openjdk/jre/lib/amd64/libjava.so
7fb7ff408000-7fb7ff409000 r--p 0002b000 08:05 3559424                    /usr/lib/jvm/java-6-openjdk/jre/lib/amd64/libjava.so
7fb7ff409000-7fb7ff40c000 rw-p 0002c000 08:05 3559424                    /usr/lib/jvm/java-6-openjdk/jre/lib/amd64/libjava.so
7fb7ff40c000-7fb7ff41a000 r-xp 00000000 08:05 3559410                    /usr/lib/jvm/java-6-openjdk/jre/lib/amd64/libverify.so
7fb7ff41a000-7fb7ff619000 ---p 0000e000 08:05 3559410                    /usr/lib/jvm/java-6-openjdk/jre/lib/amd64/libverify.so
7fb7ff619000-7fb7ff61b000 r--p 0000d000 08:05 3559410                    /usr/lib/jvm/java-6-openjdk/jre/lib/amd64/libverify.so
7fb7ff61b000-7fb7ff61c000 rw-p 0000f000 08:05 3559410                    /usr/lib/jvm/java-6-openjdk/jre/lib/amd64/libverify.so
7fb7ff61c000-7fb7ff623000 r-xp 00000000 08:05 1969963                    /lib/x86_64-linux-gnu/librt-2.13.so
7fb7ff623000-7fb7ff822000 ---p 00007000 08:05 1969963                    /lib/x86_64-linux-gnu/librt-2.13.so
7fb7ff822000-7fb7ff823000 r--p 00006000 08:05 1969963                    /lib/x86_64-linux-gnu/librt-2.13.so
7fb7ff823000-7fb7ff824000 rw-p 00007000 08:05 1969963                    /lib/x86_64-linux-gnu/librt-2.13.so
7fb7ff824000-7fb7ff839000 r-xp 00000000 08:05 1970042                    /lib/x86_64-linux-gnu/libgcc_s.so.1
7fb7ff839000-7fb7ffa38000 ---p 00015000 08:05 1970042                    /lib/x86_64-linux-gnu/libgcc_s.so.1
7fb7ffa38000-7fb7ffa39000 r--p 00014000 08:05 1970042                    /lib/x86_64-linux-gnu/libgcc_s.so.1
7fb7ffa39000-7fb7ffa3a000 rw-p 00015000 08:05 1970042                    /lib/x86_64-linux-gnu/libgcc_s.so.1
7fb7ffa3a000-7fb7ffabd000 r-xp 00000000 08:05 1966227                    /lib/x86_64-linux-gnu/libm-2.13.so
7fb7ffabd000-7fb7ffcbc000 ---p 00083000 08:05 1966227                    /lib/x86_64-linux-gnu/libm-2.13.so
7fb7ffcbc000-7fb7ffcbd000 r--p 00082000 08:05 1966227                    /lib/x86_64-linux-gnu/libm-2.13.so
7fb7ffcbd000-7fb7ffcbe000 rw-p 00083000 08:05 1966227                    /lib/x86_64-linux-gnu/libm-2.13.so
7fb7ffcbe000-7fb7ffda6000 r-xp 00000000 08:05 3547390                    /usr/lib/x86_64-linux-gnu/libstdc++.so.6.0.16
7fb7ffda6000-7fb7fffa6000 ---p 000e8000 08:05 3547390                    /usr/lib/x86_64-linux-gnu/libstdc++.so.6.0.16
7fb7fffa6000-7fb7fffae000 r--p 000e8000 08:05 3547390                    /usr/lib/x86_64-linux-gnu/libstdc++.so.6.0.16
7fb7fffae000-7fb7fffb0000 rw-p 000f0000 08:05 3547390                    /usr/lib/x86_64-linux-gnu/libstdc++.so.6.0.16
7fb7fffb0000-7fb7fffc5000 rw-p 00000000 00:00 0 
7fb7fffc5000-7fb8008c8000 r-xp 00000000 08:05 3559427                    /usr/lib/jvm/java-6-openjdk/jre/lib/amd64/server/libjvm.so
7fb8008c8000-7fb800ac7000 ---p 00903000 08:05 3559427                    /usr/lib/jvm/java-6-openjdk/jre/lib/amd64/server/libjvm.so
7fb800ac7000-7fb800b48000 r--p 00902000 08:05 3559427                    /usr/lib/jvm/java-6-openjdk/jre/lib/amd64/server/libjvm.so
7fb800b48000-7fb800b63000 rw-p 00983000 08:05 3559427                    /usr/lib/jvm/java-6-openjdk/jre/lib/amd64/server/libjvm.so
7fb800b63000-7fb800b8c000 rw-p 00000000 00:00 0 
7fb800b8c000-7fb800ba3000 r-xp 00000000 08:05 1970104                    /lib/x86_64-linux-gnu/libz.so.1.2.3.4
7fb800ba3000-7fb800da2000 ---p 00017000 08:05 1970104                    /lib/x86_64-linux-gnu/libz.so.1.2.3.4
7fb800da2000-7fb800da3000 r--p 00016000 08:05 1970104                    /lib/x86_64-linux-gnu/libz.so.1.2.3.4
7fb800da3000-7fb800da4000 rw-p 00017000 08:05 1970104                    /lib/x86_64-linux-gnu/libz.so.1.2.3.4
7fb800da4000-7fb800f3b000 r-xp 00000000 08:05 1966223                    /lib/x86_64-linux-gnu/libc-2.13.so
7fb800f3b000-7fb80113a000 ---p 00197000 08:05 1966223                    /lib/x86_64-linux-gnu/libc-2.13.so
7fb80113a000-7fb80113e000 r--p 00196000 08:05 1966223                    /lib/x86_64-linux-gnu/libc-2.13.so
7fb80113e000-7fb80113f000 rw-p 0019a000 08:05 1966223                    /lib/x86_64-linux-gnu/libc-2.13.so
7fb80113f000-7fb801145000 rw-p 00000000 00:00 0 
7fb801145000-7fb801147000 r-xp 00000000 08:05 1966226                    /lib/x86_64-linux-gnu/libdl-2.13.so
7fb801147000-7fb801347000 ---p 00002000 08:05 1966226                    /lib/x86_64-linux-gnu/libdl-2.13.so
7fb801347000-7fb801348000 r--p 00002000 08:05 1966226                    /lib/x86_64-linux-gnu/libdl-2.13.so
7fb801348000-7fb801349000 rw-p 00003000 08:05 1966226                    /lib/x86_64-linux-gnu/libdl-2.13.so
7fb801349000-7fb80134d000 r-xp 00000000 08:05 3550532                    /usr/lib/jvm/java-6-openjdk/jre/lib/amd64/jli/libjli.so
7fb80134d000-7fb80154c000 ---p 00004000 08:05 3550532                    /usr/lib/jvm/java-6-openjdk/jre/lib/amd64/jli/libjli.so
7fb80154c000-7fb80154d000 r--p 00003000 08:05 3550532                    /usr/lib/jvm/java-6-openjdk/jre/lib/amd64/jli/libjli.so
7fb80154d000-7fb80154e000 rw-p 00004000 08:05 3550532                    /usr/lib/jvm/java-6-openjdk/jre/lib/amd64/jli/libjli.so
7fb80154e000-7fb801566000 r-xp 00000000 08:05 1966237                    /lib/x86_64-linux-gnu/libpthread-2.13.so
7fb801566000-7fb801765000 ---p 00018000 08:05 1966237                    /lib/x86_64-linux-gnu/libpthread-2.13.so
7fb801765000-7fb801766000 r--p 00017000 08:05 1966237                    /lib/x86_64-linux-gnu/libpthread-2.13.so
7fb801766000-7fb801767000 rw-p 00018000 08:05 1966237                    /lib/x86_64-linux-gnu/libpthread-2.13.so
7fb801767000-7fb80176b000 rw-p 00000000 00:00 0 
7fb80176b000-7fb80178c000 r-xp 00000000 08:05 1966092                    /lib/x86_64-linux-gnu/ld-2.13.so
7fb8017a3000-7fb8017ad000 rw-p 00000000 00:00 0 
7fb8017ad000-7fb801863000 rw-p 00000000 00:00 0 
7fb801863000-7fb801866000 ---p 00000000 00:00 0 
7fb801866000-7fb801969000 rw-p 00000000 00:00 0 
7fb80197f000-7fb801987000 rw-s 00000000 08:05 2500109                    /tmp/hsperfdata_sghuman/4567
7fb801987000-7fb801988000 rw-p 00000000 00:00 0 
7fb801988000-7fb801989000 r--p 00000000 00:00 0 
7fb801989000-7fb80198b000 rw-p 00000000 00:00 0 
7fb80198b000-7fb80198c000 r--p 00020000 08:05 1966092                    /lib/x86_64-linux-gnu/ld-2.13.so
7fb80198c000-7fb80198e000 rw-p 00021000 08:05 1966092                    /lib/x86_64-linux-gnu/ld-2.13.so
7fffada99000-7fffadaba000 rw-p 00000000 00:00 0                          [stack]
7fffadbff000-7fffadc00000 r-xp 00000000 00:00 0                          [vdso]
ffffffffff600000-ffffffffff601000 r-xp 00000000 00:00 0                  [vsyscall]

VM Arguments:
jvm_args: -Dfile.encoding=UTF-8 -Xbootclasspath:/home/sghuman/Files/Android/SDK/android-sdk-linux/platforms/android-10/android.jar:/home/sghuman/Files/Android/SDK/android-sdk-linux/add-ons/addon-google_apis-google-10/libs/usb.jar:/home/sghuman/Files/Android/SDK/android-sdk-linux/add-ons/addon-google_apis-google-10/libs/maps.jar 
java_command: my.maps.org.Routing
Launcher Type: SUN_STANDARD

Environment Variables:
PATH=/usr/lib/lightdm/lightdm:/usr/local/sbin:/usr/local/bin:/usr/sbin:/usr/bin:/sbin:/bin:/usr/games:/opt/altera9.1sp2/quartus/bin
USERNAME=sghuman
LD_LIBRARY_PATH=/usr/lib/jvm/java-6-openjdk/jre/lib/amd64/server:/usr/lib/jvm/java-6-openjdk/jre/lib/amd64:/usr/lib/jvm/java-6-openjdk/jre/../lib/amd64
SHELL=/bin/bash
DISPLAY=:0

Signal Handlers:
SIGSEGV: [libjvm.so+0x783e60], sa_mask[0]=0x7ffbfeff, sa_flags=0x10000004
SIGBUS: [libjvm.so+0x783e60], sa_mask[0]=0x7ffbfeff, sa_flags=0x10000004
SIGFPE: [libjvm.so+0x6485c0], sa_mask[0]=0x7ffbfeff, sa_flags=0x10000004
SIGPIPE: [libjvm.so+0x6485c0], sa_mask[0]=0x7ffbfeff, sa_flags=0x10000004
SIGXFSZ: [libjvm.so+0x6485c0], sa_mask[0]=0x7ffbfeff, sa_flags=0x10000004
SIGILL: [libjvm.so+0x6485c0], sa_mask[0]=0x7ffbfeff, sa_flags=0x10000004
SIGUSR1: SIG_DFL, sa_mask[0]=0x00000000, sa_flags=0x00000000
SIGUSR2: [libjvm.so+0x648770], sa_mask[0]=0x00000004, sa_flags=0x10000004
SIGHUP: SIG_DFL, sa_mask[0]=0x00000000, sa_flags=0x00000000
SIGINT: SIG_DFL, sa_mask[0]=0x00000000, sa_flags=0x00000000
SIGTERM: SIG_DFL, sa_mask[0]=0x00000000, sa_flags=0x00000000
SIGQUIT: SIG_DFL, sa_mask[0]=0x00000000, sa_flags=0x00000000


---------------  S Y S T E M  ---------------

OS:Ubuntu 11.10 (oneiric)
uname:Linux 3.0.0-17-generic #30-Ubuntu SMP Thu Mar 8 20:45:39 UTC 2012 x86_64
libc:glibc 2.13 NPTL 2.13 
rlimit: STACK 8192k, CORE 0k, NPROC 63456, NOFILE 4096, AS infinity
load average:0.08 0.11 0.18

/proc/meminfo:
MemTotal:        8140268 kB
MemFree:         3444224 kB
Buffers:          452156 kB
Cached:          1506404 kB
SwapCached:            0 kB
Active:          3029496 kB
Inactive:        1294440 kB
Active(anon):    2468568 kB
Inactive(anon):   114856 kB
Active(file):     560928 kB
Inactive(file):  1179584 kB
Unevictable:          32 kB
Mlocked:              32 kB
SwapTotal:       8334332 kB
SwapFree:        8334332 kB
Dirty:               400 kB
Writeback:             0 kB
AnonPages:       2366116 kB
Mapped:           192004 kB
Shmem:            217920 kB
Slab:             177836 kB
SReclaimable:      78412 kB
SUnreclaim:        99424 kB
KernelStack:        4312 kB
PageTables:        39264 kB
NFS_Unstable:          0 kB
Bounce:                0 kB
WritebackTmp:          0 kB
CommitLimit:    12404464 kB
Committed_AS:    5304484 kB
VmallocTotal:   34359738367 kB
VmallocUsed:      584992 kB
VmallocChunk:   34359142880 kB
HardwareCorrupted:     0 kB
AnonHugePages:         0 kB
HugePages_Total:       0
HugePages_Free:        0
HugePages_Rsvd:        0
HugePages_Surp:        0
Hugepagesize:       2048 kB
DirectMap4k:       63488 kB
DirectMap2M:     8273920 kB


CPU:total 8 (4 cores per cpu, 2 threads per core) family 6 model 42 stepping 7, cmov, cx8, fxsr, mmx, sse, sse2, sse3, ssse3, sse4.1, sse4.2, popcnt, ht

Memory: 4k page, physical 8140268k(3444224k free), swap 8334332k(8334332k free)

vm_info: OpenJDK 64-Bit Server VM (20.0-b11) for linux-amd64 JRE (1.6.0_23-b23), built on Feb 23 2012 05:39:46 by "buildd" with gcc 4.6.1

time: Sun Apr  8 16:44:04 2012
elapsed time: 0 seconds

